<component name="libraryTable">
  <library name="JUnit Jupiter">
    <CLASSES>
      <root url="jar://$PROJECT_DIR$/.bach/dependencies/org.junit.jupiter.api.jar!/" />
      <root url="jar://$PROJECT_DIR$/.bach/dependencies/org.junit.platform.commons.jar!/" />
      <root url="jar://$PROJECT_DIR$/.bach/dependencies/org.opentest4j.opentest4j.jar!/" />
    </CLASSES>
    <JAVADOC />
    <SOURCES />
  </library>
</component>