<component name="libraryTable">
  <library name="JUnit Jupiter">
    <CLASSES>
      <root url="jar://$PROJECT_DIR$/.bach/resolved/apiguardian-api-1.0.0.jar!/" />
      <root url="jar://$PROJECT_DIR$/.bach/resolved/opentest4j-1.0.0.jar!/" />
      <root url="jar://$PROJECT_DIR$/.bach/resolved/junit-jupiter-api-5.1.0-M2.jar!/" />
      <root url="jar://$PROJECT_DIR$/.bach/resolved/junit-platform-commons-1.1.0-M2.jar!/" />
    </CLASSES>
    <JAVADOC />
    <SOURCES />
  </library>
</component>