<component name="libraryTable">
  <library name="JUnit Jupiter">
    <CLASSES>
      <root url="jar://$PROJECT_DIR$/.bach/tools/junit-platform-console-standalone/junit-platform-console-standalone-1.0.0-M6.jar!/" />
    </CLASSES>
    <JAVADOC />
    <SOURCES />
  </library>
</component>