<component name="libraryTable">
  <library name="JUnit Jupiter">
    <CLASSES>
      <root url="jar://$PROJECT_DIR$/.bach/resolved/junit-jupiter-api-5.0.0-RC2.jar!/" />
      <root url="jar://$PROJECT_DIR$/.bach/resolved/junit-platform-commons-1.0.0-RC2.jar!/" />
      <root url="jar://$PROJECT_DIR$/.bach/resolved/opentest4j-1.0.0-RC1.jar!/" />
    </CLASSES>
    <JAVADOC />
    <SOURCES />
  </library>
</component>